2024-03-29T04:24:19+00:00 DEBUG POST: https://ads.tiktok.com/marketing_api/api/developer/app/create_auto_approve/

{"business_platform":"PROD","smb_id":"tt4b_woocommerce_66064273da9cchttpcms-class-2024localwp-admin","smb_name":"PROD","redirect_url":"http:\/\/cms-class-2024.local\/wp-admin\/"}
 ajax: no
2024-03-29T04:24:20+00:00 DEBUG Tt4b_Mapi_Class::create_open_source_app: Response: 

HTTP/1.1 200 OK
Content-Type: application/json
X-Tt-Logid: 202403290424194C45F2E8207F6124C557,202403290424194C45F2E8207F6124C557
Strict-Transport-Security: max-age=31536000; includeSubDomains
x-tt-trace-host: 0121ab611247174e85043ad83241f844bdee55be0baae4756f98a20b31811096e44ed19ac5cd7541f66543112520dfff420e508fe622ad1574630b5d318566eeecea36fb4723a4ee32c24b78af741f00816f393960c2f8fc08c244acb619b555b99e90f43d654558ab83a0e2203454e165cdc8f0708fd54fa19b24184ef8354a2a
x-tt-trace-id: 00-2403290424194C45F2E8207F6124C557-3740E02D4DEF43FD-00
Server: TLB
Content-Encoding: gzip
Content-Length: 206
X-Origin-Response-Time: 166,23.44.4.102
X-Akamai-Request-ID: 318630d.59ce84d.1e539d8
X-Parent-Response-Time: 380,23.208.15.111
Date: Fri, 29 Mar 2024 04:24:20 GMT
X-Cache: TCP_MISS from a72-136-198-28.deploy.akamaitechnologies.com (AkamaiGHost/11.4.3-54726453) (-)
Connection: close
Vary: Accept-Encoding
X-Cache-Remote: TCP_MISS from a23-208-15-111.deploy.akamaitechnologies.com (AkamaiGHost/11.4.4.1-55329865) (-)
x-tt-trace-tag: id=16;cdn-cache=miss;type=dyn
Server-Timing: cdn-cache; desc=MISS, edge; dur=226, origin; dur=165
Server-Timing: inner; dur=160
X-Parent-Response-Time: 385,72.136.198.28

{"code":0,"msg":"ok","data":{"redirect_uri":"http:\/\/cms-class-2024.local\/wp-admin\/","app_id":"7351636510346575874","external_data_key":"f2f44ad4-2663-4588-b48a-a8386da414f8","app_secret":"60ee84717eeb8780707c8cc12e10ad47e26454ae"}}

2024-03-29T04:31:24+00:00 DEBUG Tt4b_Pixel_Class::inject_view_content_event: hit ViewContent
2024-03-29T04:31:24+00:00 DEBUG Tt4b_Pixel_Class::inject_view_content_event: Missing option "access_token"
2024-03-29T04:37:24+00:00 DEBUG Tt4b_Pixel_Class::inject_view_content_event: hit ViewContent
2024-03-29T04:37:24+00:00 DEBUG Tt4b_Pixel_Class::inject_view_content_event: Missing option "access_token"
2024-03-29T04:38:22+00:00 DEBUG Tt4b_Pixel_Class::inject_view_content_event: hit ViewContent
2024-03-29T04:38:22+00:00 DEBUG Tt4b_Pixel_Class::inject_view_content_event: Missing option "access_token"
2024-03-29T04:38:35+00:00 DEBUG Tt4b_Pixel_Class::inject_view_content_event: hit ViewContent
2024-03-29T04:38:35+00:00 DEBUG Tt4b_Pixel_Class::inject_view_content_event: Missing option "access_token"
2024-03-29T04:40:48+00:00 DEBUG Tt4b_Pixel_Class::inject_view_content_event: hit ViewContent
2024-03-29T04:40:48+00:00 DEBUG Tt4b_Pixel_Class::inject_view_content_event: Missing option "access_token"
2024-03-29T04:41:09+00:00 DEBUG Tt4b_Pixel_Class::inject_view_content_event: hit ViewContent
2024-03-29T04:41:09+00:00 DEBUG Tt4b_Pixel_Class::inject_view_content_event: Missing option "access_token"
2024-03-29T04:41:29+00:00 DEBUG Tt4b_Pixel_Class::inject_view_content_event: hit ViewContent
2024-03-29T04:41:29+00:00 DEBUG Tt4b_Pixel_Class::inject_view_content_event: Missing option "access_token"
2024-03-29T04:41:33+00:00 DEBUG Tt4b_Pixel_Class::inject_view_content_event: hit ViewContent
2024-03-29T04:41:33+00:00 DEBUG Tt4b_Pixel_Class::inject_view_content_event: Missing option "access_token"
2024-03-29T04:42:03+00:00 DEBUG Tt4b_Pixel_Class::inject_view_content_event: hit ViewContent
2024-03-29T04:42:03+00:00 DEBUG Tt4b_Pixel_Class::inject_view_content_event: Missing option "access_token"
